--------------------------------------------------------------------------------
                            Tue Feb 19 14:47:50 2013
--------------------------------------------------------------------------------

Done reading images
No more frame to process
--------------------------------------------------------------------------------
                            Tue Feb 19 14:55:50 2013
--------------------------------------------------------------------------------

Done reading images
No more frame to process
--------------------------------------------------------------------------------
                            Mon Mar 04 16:17:00 2013
--------------------------------------------------------------------------------

Done reading images
No more frame to process
--------------------------------------------------------------------------------
                            Mon Mar 04 16:18:03 2013
--------------------------------------------------------------------------------

Done reading images
No more frame to process
--------------------------------------------------------------------------------
                            Mon Mar 04 16:18:58 2013
--------------------------------------------------------------------------------

Done reading images
No more frame to process
--------------------------------------------------------------------------------
                            Mon Mar 04 16:19:15 2013
--------------------------------------------------------------------------------

Done reading images
No more frame to process
--------------------------------------------------------------------------------
                            Mon Mar 04 16:19:27 2013
--------------------------------------------------------------------------------

Done reading images
No more frame to process
--------------------------------------------------------------------------------
                            Mon Mar 04 16:19:41 2013
--------------------------------------------------------------------------------

Done reading images
No more frame to process
--------------------------------------------------------------------------------
                            Thu Mar 07 16:15:19 2013
--------------------------------------------------------------------------------

Done reading images
No more frame to process
--------------------------------------------------------------------------------
                            Thu Mar 07 16:27:04 2013
--------------------------------------------------------------------------------

Done reading images
No more frame to process
--------------------------------------------------------------------------------
                            Thu Mar 07 16:27:34 2013
--------------------------------------------------------------------------------

Done reading images
No more frame to process
--------------------------------------------------------------------------------
                            Thu Mar 07 16:28:17 2013
--------------------------------------------------------------------------------

--------------------------------------------------------------------------------
                            Mon Mar 11 13:11:22 2013
--------------------------------------------------------------------------------

Done reading images
No more frame to process
--------------------------------------------------------------------------------
                            Mon Mar 11 13:11:31 2013
--------------------------------------------------------------------------------

Done reading images
No more frame to process
--------------------------------------------------------------------------------
                            Fri Mar 15 12:06:41 2013
--------------------------------------------------------------------------------

Done reading images
No more frame to process
--------------------------------------------------------------------------------
                            Fri Mar 15 12:08:42 2013
--------------------------------------------------------------------------------

Done reading images
No more frame to process
--------------------------------------------------------------------------------
                            Fri Mar 15 12:10:34 2013
--------------------------------------------------------------------------------

Done reading images
No more frame to process
--------------------------------------------------------------------------------
                            Fri Mar 15 12:14:10 2013
--------------------------------------------------------------------------------

Done reading images
No more frame to process
--------------------------------------------------------------------------------
                            Fri Mar 15 12:14:35 2013
--------------------------------------------------------------------------------

Done reading images
No more frame to process
--------------------------------------------------------------------------------
                            Fri Mar 15 12:19:02 2013
--------------------------------------------------------------------------------

Done reading images
No more frame to process
--------------------------------------------------------------------------------
                            Fri Mar 15 12:22:07 2013
--------------------------------------------------------------------------------

Done reading images
No more frame to process
--------------------------------------------------------------------------------
                            Fri Mar 15 12:25:36 2013
--------------------------------------------------------------------------------

Done reading images
No more frame to process
--------------------------------------------------------------------------------
                            Thu Mar 21 16:49:27 2013
--------------------------------------------------------------------------------

--------------------------------------------------------------------------------
                            Thu Mar 21 16:59:08 2013
--------------------------------------------------------------------------------

--------------------------------------------------------------------------------
                            Wed Mar 27 09:41:32 2013
--------------------------------------------------------------------------------

Done reading images
No more frame to process
--------------------------------------------------------------------------------
                            Wed Mar 27 10:08:46 2013
--------------------------------------------------------------------------------

Done reading images
No more frame to process
--------------------------------------------------------------------------------
                            Fri Apr 05 11:18:05 2013
--------------------------------------------------------------------------------

Done reading images
No more frame to process
--------------------------------------------------------------------------------
                            Fri Apr 05 11:21:17 2013
--------------------------------------------------------------------------------

Done reading images
No more frame to process
--------------------------------------------------------------------------------
                            Fri Apr 05 11:23:37 2013
--------------------------------------------------------------------------------

Done reading images
No more frame to process
--------------------------------------------------------------------------------
                            Fri Apr 05 11:24:50 2013
--------------------------------------------------------------------------------

Done reading images
No more frame to process
--------------------------------------------------------------------------------
                            Fri Apr 05 14:27:32 2013
--------------------------------------------------------------------------------

Done reading images
No more frame to process
--------------------------------------------------------------------------------
                            Fri Apr 05 14:31:18 2013
--------------------------------------------------------------------------------

Done reading images
No more frame to process
--------------------------------------------------------------------------------
                            Fri Apr 05 14:36:03 2013
--------------------------------------------------------------------------------

Done reading images
No more frame to process
--------------------------------------------------------------------------------
                            Fri Apr 05 14:38:54 2013
--------------------------------------------------------------------------------

Done reading images
No more frame to process
--------------------------------------------------------------------------------
                            Fri Apr 05 14:40:39 2013
--------------------------------------------------------------------------------

Done reading images
No more frame to process
--------------------------------------------------------------------------------
                            Fri Apr 05 14:41:18 2013
--------------------------------------------------------------------------------

Done reading images
No more frame to process
--------------------------------------------------------------------------------
                            Mon Jun 24 13:45:52 2013
--------------------------------------------------------------------------------

Done reading images
No more frame to process
--------------------------------------------------------------------------------
                            Wed Jan 22 09:20:11 2014
--------------------------------------------------------------------------------

Done reading images
No more frame to process
--------------------------------------------------------------------------------
                            Wed Jan 22 11:06:41 2014
--------------------------------------------------------------------------------

Done reading images
No more frame to process
